[2025-04-12T16:04:01.799202+02:00] app.WARNING: No se pudo cargar el archivo .env {"exception":"Unable to read any of the environment file(s) at [C:\\xampp\\htdocs\\uptaeb-mvc\\.env]."} []
[2025-04-12T16:04:01.802375+02:00] app.INFO: Request received: GET /uptaeb-mvc/login [] []
[2025-04-12T16:04:01.803544+02:00] app.ERROR: Server Error: Database connection failed during controller resolution {"uri":"/uptaeb-mvc/login","class":"App\\Controllers\\AuthController","method":null,"exception_message":"No se pudo conectar a la base de datos.","exception_trace":"#0 C:\\xampp\\htdocs\\uptaeb-mvc\\app\\Core\\Application.php(174): App\\Core\\Database::getInstance()\n#1 C:\\xampp\\htdocs\\uptaeb-mvc\\app\\Core\\Application.php(146): App\\Core\\Application->resolveController('App\\\\Controllers...')\n#2 C:\\xampp\\htdocs\\uptaeb-mvc\\app\\Core\\Application.php(115): App\\Core\\Application->handleFoundRoute(Array, Array)\n#3 C:\\xampp\\htdocs\\uptaeb-mvc\\app\\Core\\Application.php(99): App\\Core\\Application->handleRoute(Array)\n#4 C:\\xampp\\htdocs\\uptaeb-mvc\\public\\index.php(23): App\\Core\\Application->run()\n#5 {main}"} []
[2025-04-12T16:04:02.358062+02:00] app.WARNING: No se pudo cargar el archivo .env {"exception":"Unable to read any of the environment file(s) at [C:\\xampp\\htdocs\\uptaeb-mvc\\.env]."} []
[2025-04-12T16:04:02.360622+02:00] app.INFO: Request received: GET /uptaeb-mvc/login [] []
[2025-04-12T16:04:02.361696+02:00] app.ERROR: Server Error: Database connection failed during controller resolution {"uri":"/uptaeb-mvc/login","class":"App\\Controllers\\AuthController","method":null,"exception_message":"No se pudo conectar a la base de datos.","exception_trace":"#0 C:\\xampp\\htdocs\\uptaeb-mvc\\app\\Core\\Application.php(174): App\\Core\\Database::getInstance()\n#1 C:\\xampp\\htdocs\\uptaeb-mvc\\app\\Core\\Application.php(146): App\\Core\\Application->resolveController('App\\\\Controllers...')\n#2 C:\\xampp\\htdocs\\uptaeb-mvc\\app\\Core\\Application.php(115): App\\Core\\Application->handleFoundRoute(Array, Array)\n#3 C:\\xampp\\htdocs\\uptaeb-mvc\\app\\Core\\Application.php(99): App\\Core\\Application->handleRoute(Array)\n#4 C:\\xampp\\htdocs\\uptaeb-mvc\\public\\index.php(23): App\\Core\\Application->run()\n#5 {main}"} []
[2025-04-12T16:04:49.595245+02:00] app.INFO: Request received: GET /uptaeb-mvc/login [] []
[2025-04-12T16:04:49.597003+02:00] app.INFO: Routing to App\Controllers\AuthController::showLoginForm [] []
[2025-04-12T16:04:49.597037+02:00] app.INFO: Successfully executed App\Controllers\AuthController::showLoginForm [] []
[2025-04-12T16:05:48.736656+02:00] app.INFO: Request received: GET /uptaeb-mvc/ [] []
[2025-04-12T16:05:48.737518+02:00] app.NOTICE: Route not found (404) {"uri":"/uptaeb-mvc/"} []
[2025-04-12T16:05:49.003472+02:00] app.INFO: Request received: GET /uptaeb-mvc/ [] []
[2025-04-12T16:05:49.004231+02:00] app.NOTICE: Route not found (404) {"uri":"/uptaeb-mvc/"} []
[2025-04-12T16:05:52.734934+02:00] app.INFO: Request received: GET /uptaeb-mvc/home [] []
[2025-04-12T16:05:52.735748+02:00] app.NOTICE: Route not found (404) {"uri":"/uptaeb-mvc/home"} []
[2025-04-12T16:06:04.058769+02:00] app.INFO: Request received: GET /uptaeb-mvc/ [] []
[2025-04-12T16:06:04.059741+02:00] app.NOTICE: Route not found (404) {"uri":"/uptaeb-mvc/"} []
[2025-04-12T16:06:04.399924+02:00] app.INFO: Request received: GET /uptaeb-mvc/admin/users [] []
[2025-04-12T16:06:04.402747+02:00] app.INFO: Routing to App\Controllers\Admin\UserController::index [] []
[2025-04-12T16:06:04.405395+02:00] app.INFO: Successfully executed App\Controllers\Admin\UserController::index [] []
[2025-04-12T16:06:25.822637+02:00] app.INFO: Request received: GET /uptaeb-mvc/admin/users/123/edit [] []
[2025-04-12T16:06:25.825706+02:00] app.INFO: Routing to App\Controllers\Admin\UserController::edit [] []
[2025-04-12T16:06:25.826083+02:00] app.INFO: Successfully executed App\Controllers\Admin\UserController::edit [] []
[2025-04-12T16:06:45.945536+02:00] app.INFO: Request received: GET /uptaeb-mvc/admin/users/create [] []
[2025-04-12T16:06:45.947898+02:00] app.INFO: Routing to App\Controllers\Admin\UserController::create [] []
[2025-04-12T16:06:45.948016+02:00] app.INFO: Successfully executed App\Controllers\Admin\UserController::create [] []
[2025-04-12T16:08:24.469340+02:00] app.INFO: Request received: GET /uptaeb-mvc/ [] []
[2025-04-12T16:08:24.470247+02:00] app.NOTICE: Route not found (404) {"uri":"/uptaeb-mvc/"} []
[2025-04-12T16:08:36.163330+02:00] app.INFO: Request received: GET /uptaeb-mvc/login [] []
[2025-04-12T16:08:36.165126+02:00] app.INFO: Routing to App\Controllers\AuthController::showLoginForm [] []
[2025-04-12T16:08:36.165161+02:00] app.INFO: Successfully executed App\Controllers\AuthController::showLoginForm [] []
[2025-04-12T16:15:37.216005+02:00] app.INFO: Request received: GET /uptaeb-mvc/login [] []
[2025-04-12T16:15:37.218358+02:00] app.INFO: Routing to App\Controllers\AuthController::showLoginForm [] []
[2025-04-12T16:15:37.218645+02:00] app.INFO: Successfully executed App\Controllers\AuthController::showLoginForm [] []
[2025-04-12T16:16:42.973540+02:00] app.INFO: Request received: GET /uptaeb-mvc/admin/users [] []
[2025-04-12T16:16:42.976452+02:00] app.ERROR: Server Error: Controller instantiation failed {"uri":"/uptaeb-mvc/admin/users","class":"App\\Controllers\\Admin\\UserController","method":null,"exception_message":"Too few arguments to function App\\Controllers\\Admin\\UserController::__construct(), 1 passed in C:\\xampp\\htdocs\\uptaeb-mvc\\app\\Core\\Application.php on line 178 and exactly 2 expected","exception_trace":"#0 C:\\xampp\\htdocs\\uptaeb-mvc\\app\\Core\\Application.php(178): App\\Controllers\\Admin\\UserController->__construct(Object(App\\Models\\UserModel))\n#1 C:\\xampp\\htdocs\\uptaeb-mvc\\app\\Core\\Application.php(146): App\\Core\\Application->resolveController('App\\\\Controllers...')\n#2 C:\\xampp\\htdocs\\uptaeb-mvc\\app\\Core\\Application.php(115): App\\Core\\Application->handleFoundRoute(Array, Array)\n#3 C:\\xampp\\htdocs\\uptaeb-mvc\\app\\Core\\Application.php(99): App\\Core\\Application->handleRoute(Array)\n#4 C:\\xampp\\htdocs\\uptaeb-mvc\\public\\index.php(23): App\\Core\\Application->run()\n#5 {main}"} []
[2025-04-12T16:17:31.540529+02:00] app.INFO: Request received: GET /uptaeb-mvc/admin/users [] []
[2025-04-12T16:17:31.543270+02:00] app.WARNING: Acceso no autenticado a UserController denegado. [] []
[2025-04-12T16:19:59.401088+02:00] app.INFO: Request received: GET /uptaeb-mvc/login [] []
[2025-04-12T16:19:59.403312+02:00] app.INFO: Routing to App\Controllers\AuthController::showLoginForm [] []
[2025-04-12T16:19:59.403579+02:00] app.INFO: Successfully executed App\Controllers\AuthController::showLoginForm [] []
[2025-04-12T16:20:02.796196+02:00] app.INFO: Request received: POST /uptaeb-mvc/login [] []
[2025-04-12T16:20:02.798107+02:00] app.INFO: Routing to App\Controllers\AuthController::login [] []
[2025-04-12T16:20:02.798306+02:00] app.ERROR: Error en UserModel::findUserByEmail {"email":"yerbamala12@gmail.com","exception":"[object] (PDOException(code: 42S02): SQLSTATE[42S02]: Base table or view not found: 1146 Table 'uptaeb_mvc.users' doesn't exist at C:\\xampp\\htdocs\\uptaeb-mvc\\app\\Models\\UserModel.php:67)"} []
[2025-04-12T16:22:00.709294+02:00] app.INFO: Request received: GET /uptaeb-mvc/admin/users [] []
[2025-04-12T16:22:00.712264+02:00] app.INFO: Routing to App\Controllers\Admin\UserController::index [] []
[2025-04-12T16:22:00.712471+02:00] app.ERROR: Error en UserModel::getAllUsers {"exception":"[object] (PDOException(code: 42S02): SQLSTATE[42S02]: Base table or view not found: 1146 Table 'uptaeb_mvc.users' doesn't exist at C:\\xampp\\htdocs\\uptaeb-mvc\\app\\Models\\UserModel.php:30)"} []
[2025-04-12T16:22:00.712878+02:00] app.INFO: Successfully executed App\Controllers\Admin\UserController::index [] []
[2025-04-12T16:22:44.293016+02:00] app.INFO: Request received: GET /uptaeb-mvc/admin/users [] []
[2025-04-12T16:22:44.295493+02:00] app.INFO: Routing to App\Controllers\Admin\UserController::index [] []
[2025-04-12T16:22:44.295658+02:00] app.ERROR: Error en UserModel::getAllUsers {"exception":"[object] (PDOException(code: 42S02): SQLSTATE[42S02]: Base table or view not found: 1146 Table 'uptaeb_mvc.users' doesn't exist at C:\\xampp\\htdocs\\uptaeb-mvc\\app\\Models\\UserModel.php:30)"} []
[2025-04-12T16:22:44.295963+02:00] app.INFO: Successfully executed App\Controllers\Admin\UserController::index [] []
[2025-04-12T16:22:45.021478+02:00] app.INFO: Request received: GET /uptaeb-mvc/admin/users/create [] []
[2025-04-12T16:22:45.023887+02:00] app.INFO: Routing to App\Controllers\Admin\UserController::create [] []
[2025-04-12T16:22:45.024052+02:00] app.INFO: Successfully executed App\Controllers\Admin\UserController::create [] []
[2025-04-12T16:24:56.130587+02:00] app.WARNING: Tabla 'users' no encontrada, intentando crearla desde C:\xampp\htdocs\uptaeb-mvc/database/schema/users.php... [] []
[2025-04-12T16:24:56.154473+02:00] app.INFO: Tabla 'users' creada exitosamente. [] []
[2025-04-12T16:24:56.156530+02:00] app.INFO: Request received: GET /uptaeb-mvc/admin/users/create [] []
[2025-04-12T16:24:56.157772+02:00] app.INFO: Routing to App\Controllers\Admin\UserController::create [] []
[2025-04-12T16:24:56.157989+02:00] app.INFO: Successfully executed App\Controllers\Admin\UserController::create [] []
[2025-04-12T16:26:38.516941+02:00] app.INFO: Tabla 'users' ya existe. [] []
[2025-04-12T16:26:38.519080+02:00] app.INFO: Request received: GET /uptaeb-mvc/admin/users [] []
[2025-04-12T16:26:38.520052+02:00] app.INFO: Routing to App\Controllers\Admin\UserController::index [] []
[2025-04-12T16:26:38.521935+02:00] app.INFO: Successfully executed App\Controllers\Admin\UserController::index [] []
[2025-04-12T16:26:41.762035+02:00] app.INFO: Tabla 'users' ya existe. [] []
[2025-04-12T16:26:41.764784+02:00] app.INFO: Request received: GET /uptaeb-mvc/admin/users [] []
[2025-04-12T16:26:41.765980+02:00] app.INFO: Routing to App\Controllers\Admin\UserController::index [] []
[2025-04-12T16:26:41.766225+02:00] app.INFO: Successfully executed App\Controllers\Admin\UserController::index [] []
[2025-04-12T16:28:04.557507+02:00] app.INFO: Tabla 'users' ya existe. [] []
[2025-04-12T16:28:04.560099+02:00] app.INFO: Request received: GET /uptaeb-mvc/admin/users [] []
[2025-04-12T16:28:04.561312+02:00] app.INFO: Routing to App\Controllers\Admin\UserController::index [] []
[2025-04-12T16:28:04.561782+02:00] app.INFO: Successfully executed App\Controllers\Admin\UserController::index [] []
[2025-04-12T16:28:07.141795+02:00] app.INFO: Tabla 'users' ya existe. [] []
[2025-04-12T16:28:07.143959+02:00] app.INFO: Request received: GET /uptaeb-mvc/admin/users/create [] []
[2025-04-12T16:28:07.144928+02:00] app.INFO: Routing to App\Controllers\Admin\UserController::create [] []
[2025-04-12T16:28:07.145095+02:00] app.INFO: Successfully executed App\Controllers\Admin\UserController::create [] []
[2025-04-12T16:28:58.465848+02:00] app.INFO: Tabla 'users' ya existe. [] []
[2025-04-12T16:28:58.467962+02:00] app.INFO: Request received: GET /uptaeb-mvc/admin/users/create [] []
[2025-04-12T16:28:58.468933+02:00] app.INFO: Routing to App\Controllers\Admin\UserController::create [] []
[2025-04-12T16:28:58.469057+02:00] app.INFO: Successfully executed App\Controllers\Admin\UserController::create [] []
[2025-04-12T16:29:03.118997+02:00] app.INFO: Tabla 'users' ya existe. [] []
[2025-04-12T16:29:03.121072+02:00] app.INFO: Request received: POST /uptaeb-mvc/admin/users [] []
[2025-04-12T16:29:03.122042+02:00] app.INFO: Routing to App\Controllers\Admin\UserController::store [] []
[2025-04-12T16:29:03.122073+02:00] app.INFO: Successfully executed App\Controllers\Admin\UserController::store [] []
[2025-04-12T16:30:08.347101+02:00] app.INFO: Tabla 'users' ya existe. [] []
[2025-04-12T16:30:08.349809+02:00] app.INFO: Request received: POST /uptaeb-mvc/admin/users [] []
[2025-04-12T16:30:08.351104+02:00] app.INFO: Routing to App\Controllers\Admin\UserController::store [] []
[2025-04-12T16:30:08.351138+02:00] app.INFO: Successfully executed App\Controllers\Admin\UserController::store [] []
[2025-04-12T16:30:10.443045+02:00] app.INFO: Tabla 'users' ya existe. [] []
[2025-04-12T16:30:10.445093+02:00] app.INFO: Request received: GET /uptaeb-mvc/admin/users/create [] []
[2025-04-12T16:30:10.446086+02:00] app.INFO: Routing to App\Controllers\Admin\UserController::create [] []
[2025-04-12T16:30:10.446323+02:00] app.INFO: Successfully executed App\Controllers\Admin\UserController::create [] []
[2025-04-12T16:30:37.616385+02:00] app.INFO: Tabla 'users' ya existe. [] []
[2025-04-12T16:30:37.618983+02:00] app.INFO: Request received: GET /uptaeb-mvc/admin/users/create [] []
[2025-04-12T16:30:37.620179+02:00] app.INFO: Routing to App\Controllers\Admin\UserController::create [] []
[2025-04-12T16:30:37.620397+02:00] app.INFO: Successfully executed App\Controllers\Admin\UserController::create [] []
[2025-04-12T16:30:41.791302+02:00] app.INFO: Tabla 'users' ya existe. [] []
[2025-04-12T16:30:41.793588+02:00] app.INFO: Request received: POST /uptaeb-mvc/admin/users [] []
[2025-04-12T16:30:41.794563+02:00] app.INFO: Routing to App\Controllers\Admin\UserController::store [] []
[2025-04-12T16:30:41.841909+02:00] app.INFO: Usuario creado exitosamente. {"user_id":1,"name":"asdasd"} []
[2025-04-12T16:30:41.853459+02:00] app.INFO: Tabla 'users' ya existe. [] []
[2025-04-12T16:30:41.855559+02:00] app.INFO: Request received: GET /uptaeb-mvc/admin/users [] []
[2025-04-12T16:30:41.856558+02:00] app.INFO: Routing to App\Controllers\Admin\UserController::index [] []
[2025-04-12T16:30:41.857027+02:00] app.INFO: Successfully executed App\Controllers\Admin\UserController::index [] []
[2025-04-12T16:30:58.250158+02:00] app.INFO: Tabla 'users' ya existe. [] []
[2025-04-12T16:30:58.252945+02:00] app.INFO: Request received: GET /uptaeb-mvc/admin/users/1/edit [] []
[2025-04-12T16:30:58.254257+02:00] app.INFO: Routing to App\Controllers\Admin\UserController::edit [] []
[2025-04-12T16:30:58.254789+02:00] app.INFO: Successfully executed App\Controllers\Admin\UserController::edit [] []
[2025-04-12T16:31:12.981678+02:00] app.INFO: Tabla 'users' ya existe. [] []
[2025-04-12T16:31:12.983846+02:00] app.INFO: Request received: GET /uptaeb-mvc/admin/users/1/edit [] []
[2025-04-12T16:31:12.984846+02:00] app.INFO: Routing to App\Controllers\Admin\UserController::edit [] []
[2025-04-12T16:31:12.985222+02:00] app.INFO: Successfully executed App\Controllers\Admin\UserController::edit [] []
[2025-04-12T16:31:14.406220+02:00] app.INFO: Tabla 'users' ya existe. [] []
[2025-04-12T16:31:14.408422+02:00] app.INFO: Request received: POST /uptaeb-mvc/admin/users/1 [] []
[2025-04-12T16:31:14.408462+02:00] app.NOTICE: Method not allowed (405) {"uri":"/uptaeb-mvc/admin/users/1","method":"POST","allowed":["PUT","DELETE"]} []
[2025-04-12T16:32:14.422978+02:00] app.INFO: Tabla 'users' ya existe. [] []
[2025-04-12T16:32:14.425274+02:00] app.INFO: Request method overridden by _method: PUT [] []
[2025-04-12T16:32:14.425304+02:00] app.INFO: Dispatching route: PUT /uptaeb-mvc/admin/users/1 (Actual method: POST) [] []
[2025-04-12T16:32:14.426399+02:00] app.INFO: Routing to App\Controllers\Admin\UserController::update [] []
[2025-04-12T16:32:14.429647+02:00] app.INFO: Usuario actualizado exitosamente. {"user_id":1,"name":"asdasdadasd"} []
[2025-04-12T16:32:14.440880+02:00] app.INFO: Tabla 'users' ya existe. [] []
[2025-04-12T16:32:14.442890+02:00] app.INFO: Dispatching route: GET /uptaeb-mvc/admin/users (Actual method: GET) [] []
[2025-04-12T16:32:14.443841+02:00] app.INFO: Routing to App\Controllers\Admin\UserController::index [] []
[2025-04-12T16:32:14.444260+02:00] app.INFO: Successfully executed App\Controllers\Admin\UserController::index [] []
[2025-04-12T16:32:16.261799+02:00] app.INFO: Tabla 'users' ya existe. [] []
[2025-04-12T16:32:16.263991+02:00] app.INFO: Dispatching route: GET /uptaeb-mvc/admin/users/1/edit (Actual method: GET) [] []
[2025-04-12T16:32:16.264960+02:00] app.INFO: Routing to App\Controllers\Admin\UserController::edit [] []
[2025-04-12T16:32:16.265336+02:00] app.INFO: Successfully executed App\Controllers\Admin\UserController::edit [] []
[2025-04-12T16:32:20.014478+02:00] app.INFO: Tabla 'users' ya existe. [] []
[2025-04-12T16:32:20.016856+02:00] app.INFO: Request method overridden by _method: PUT [] []
[2025-04-12T16:32:20.016926+02:00] app.INFO: Dispatching route: PUT /uptaeb-mvc/admin/users/1 (Actual method: POST) [] []
[2025-04-12T16:32:20.018001+02:00] app.INFO: Routing to App\Controllers\Admin\UserController::update [] []
[2025-04-12T16:32:20.022673+02:00] app.INFO: Usuario actualizado exitosamente. {"user_id":1,"name":"Jose"} []
[2025-04-12T16:32:20.033566+02:00] app.INFO: Tabla 'users' ya existe. [] []
[2025-04-12T16:32:20.035698+02:00] app.INFO: Dispatching route: GET /uptaeb-mvc/admin/users (Actual method: GET) [] []
[2025-04-12T16:32:20.036649+02:00] app.INFO: Routing to App\Controllers\Admin\UserController::index [] []
[2025-04-12T16:32:20.037031+02:00] app.INFO: Successfully executed App\Controllers\Admin\UserController::index [] []
